f:\developer\sms\cppmathdll\debug\cppmathdll.pch
f:\developer\sms\cppmathdll\debug\vc142.pdb
f:\developer\sms\cppmathdll\debug\pch.obj
f:\developer\sms\cppmathdll\debug\cppmathdll.obj
f:\developer\sms\cppmathdll\debug\assemblyinfo.obj
f:\developer\sms\cppmathdll\debug\.netframework,version=v4.7.2.assemblyattributes.obj
f:\developer\sms\cppmathdll\debug\app.res
f:\developer\sms\debug\cppmathdll.pdb
f:\developer\sms\cppmathdll\debug\cppmathdll.tlog\cl.command.1.tlog
f:\developer\sms\cppmathdll\debug\cppmathdll.tlog\cl.read.1.tlog
f:\developer\sms\cppmathdll\debug\cppmathdll.tlog\cl.write.1.tlog
f:\developer\sms\cppmathdll\debug\cppmathdll.tlog\link.24824-cvtres.read.1.tlog
f:\developer\sms\cppmathdll\debug\cppmathdll.tlog\link.24824-cvtres.write.1.tlog
f:\developer\sms\cppmathdll\debug\cppmathdll.tlog\link.24824-rc.read.1.tlog
f:\developer\sms\cppmathdll\debug\cppmathdll.tlog\link.24824-rc.write.1.tlog
f:\developer\sms\cppmathdll\debug\cppmathdll.tlog\link.24824.read.1.tlog
f:\developer\sms\cppmathdll\debug\cppmathdll.tlog\link.24824.write.1.tlog
f:\developer\sms\cppmathdll\debug\cppmathdll.tlog\link.command.1.tlog
f:\developer\sms\cppmathdll\debug\cppmathdll.tlog\link.read.1.tlog
f:\developer\sms\cppmathdll\debug\cppmathdll.tlog\link.write.1.tlog
f:\developer\sms\cppmathdll\debug\cppmathdll.tlog\metagen.read.1.tlog
f:\developer\sms\cppmathdll\debug\cppmathdll.tlog\metagen.write.1.tlog
f:\developer\sms\cppmathdll\debug\cppmathdll.tlog\rc.command.1.tlog
f:\developer\sms\cppmathdll\debug\cppmathdll.tlog\rc.read.1.tlog
f:\developer\sms\cppmathdll\debug\cppmathdll.tlog\rc.write.1.tlog
