f:\developer\sms\smscom\debug\smscom.pch
f:\developer\sms\smscom\debug\vc142.pdb
f:\developer\sms\smscom\debug\vc142.idb
f:\developer\sms\smscom\debug\pch.obj
f:\developer\sms\smscom\debug\smscom.obj
f:\developer\sms\smscom\debug\firstobject.obj
f:\developer\sms\smscom\debug\compreg.obj
f:\developer\sms\smscom\debug\dllmain.obj
f:\developer\sms\smscom\debug\smscom_i.obj
f:\developer\sms\smscom\debug\xdlldata.obj
f:\developer\sms\debug\smscom.ilk
f:\developer\sms\debug\smscom.dll
f:\developer\sms\debug\smscom.pdb
f:\developer\sms\smscom\debug\smscom.tlb
f:\developer\sms\smscom\smscom_p.c
f:\developer\sms\smscom\smscom_i.c
f:\developer\sms\smscom\smscom_i.h
f:\developer\sms\smscom\debug\smscom.res
f:\developer\sms\debug\smscom.lib
f:\developer\sms\debug\smscom.exp
f:\developer\sms\smscom\debug\smscom.tlog\cl.command.1.tlog
f:\developer\sms\smscom\debug\smscom.tlog\cl.read.1.tlog
f:\developer\sms\smscom\debug\smscom.tlog\cl.write.1.tlog
f:\developer\sms\smscom\debug\smscom.tlog\link.command.1.tlog
f:\developer\sms\smscom\debug\smscom.tlog\link.read.1.tlog
f:\developer\sms\smscom\debug\smscom.tlog\link.write.1.tlog
f:\developer\sms\smscom\debug\smscom.tlog\midl.command.1.tlog
f:\developer\sms\smscom\debug\smscom.tlog\midl.read.1.tlog
f:\developer\sms\smscom\debug\smscom.tlog\midl.write.1.tlog
f:\developer\sms\smscom\debug\smscom.tlog\rc.command.1.tlog
f:\developer\sms\smscom\debug\smscom.tlog\rc.read.1.tlog
f:\developer\sms\smscom\debug\smscom.tlog\rc.write.1.tlog
f:\developer\sms\smscom\debug\smscom.tlog\smscom.write.1u.tlog
